<?xml version="1.0" encoding="UTF-8"?>
<!-- Generated by org.testng.reporters.JUnitXMLReporter -->
<testsuite hostname="LAPTOP-PABV55DK" failures="0" tests="5" name="TestOne" time="65.871" errors="0" timestamp="6 Feb 2021 08:01:38 GMT">
  <testcase classname="packageOne.ClassOne" name="methodOneA" time="14.052"/>
  <testcase classname="packageOne.ClassTwo" name="methodTwoA" time="6.968"/>
  <testcase classname="packageOne.ClassTwo" name="methodTwoB" time="0.004"/>
  <testcase classname="packageOne.ClassThree" name="methodThreeA" time="10.446"/>
  <testcase classname="packageOne.ClassFour" name="methodFourA" time="34.348"/>
</testsuite> <!-- TestOne -->
