<?xml version="1.0" encoding="UTF-8"?>
<testng-results total="5" passed="5" failed="0" skipped="0">
  <reporter-output>
  </reporter-output>
  <suite started-at="2021-02-06T08:00:32Z" name="Suite" finished-at="2021-02-06T08:01:38Z" duration-ms="65871">
    <groups>
    </groups>
    <test started-at="2021-02-06T08:00:32Z" name="TestOne" finished-at="2021-02-06T08:01:38Z" duration-ms="65871">
      <class name="packageOne.ClassTwo">
        <test-method signature="methodTwoA()[pri:0, instance:packageOne.ClassTwo@17f7cd29]" started-at="2021-02-06T13:30:46Z" name="methodTwoA" finished-at="2021-02-06T13:30:53Z" duration-ms="6968" status="PASS">
          <reporter-output>
          </reporter-output>
        </test-method> <!-- methodTwoA -->
        <test-method signature="methodTwoB()[pri:0, instance:packageOne.ClassTwo@17f7cd29]" started-at="2021-02-06T13:30:53Z" name="methodTwoB" finished-at="2021-02-06T13:30:53Z" duration-ms="4" status="PASS">
          <reporter-output>
          </reporter-output>
        </test-method> <!-- methodTwoB -->
      </class> <!-- packageOne.ClassTwo -->
      <class name="packageOne.ClassOne">
        <test-method signature="methodOneA()[pri:0, instance:packageOne.ClassOne@6913c1fb]" started-at="2021-02-06T13:30:32Z" name="methodOneA" finished-at="2021-02-06T13:30:46Z" duration-ms="14052" status="PASS">
          <reporter-output>
          </reporter-output>
        </test-method> <!-- methodOneA -->
      </class> <!-- packageOne.ClassOne -->
      <class name="packageOne.ClassFour">
        <test-method signature="methodFourA()[pri:0, instance:packageOne.ClassFour@13b6aecc]" started-at="2021-02-06T13:31:04Z" name="methodFourA" finished-at="2021-02-06T13:31:38Z" duration-ms="34348" status="PASS">
          <reporter-output>
          </reporter-output>
        </test-method> <!-- methodFourA -->
      </class> <!-- packageOne.ClassFour -->
      <class name="packageOne.ClassThree">
        <test-method signature="methodThreeA()[pri:0, instance:packageOne.ClassThree@7d8704ef]" started-at="2021-02-06T13:30:53Z" name="methodThreeA" finished-at="2021-02-06T13:31:04Z" duration-ms="10446" status="PASS">
          <reporter-output>
          </reporter-output>
        </test-method> <!-- methodThreeA -->
      </class> <!-- packageOne.ClassThree -->
    </test> <!-- TestOne -->
  </suite> <!-- Suite -->
</testng-results>
